  [1m[35m (15.7ms)[0m  [1m[35mCREATE TABLE "ar_internal_metadata" ("key" varchar NOT NULL PRIMARY KEY, "value" varchar, "created_at" datetime NOT NULL, "updated_at" datetime NOT NULL)[0m
  [1m[36mActiveRecord::SchemaMigration Load (0.3ms)[0m  [1m[34mSELECT "schema_migrations".* FROM "schema_migrations"[0m
Migrating to CreateRoles (20170312190005)
  [1m[35m (0.1ms)[0m  [1m[36mbegin transaction[0m
DEPRECATION WARNING: Directly inheriting from ActiveRecord::Migration is deprecated. Please specify the Rails release the migration was written for:

  class CreateRoles < ActiveRecord::Migration[4.2] (called from load at /usr/local/rvm/gems/ruby-2.3.0/bin/rake:23)
  [1m[35m (0.3ms)[0m  [1m[35mCREATE TABLE "roles" ("role_id" INTEGER PRIMARY KEY AUTOINCREMENT NOT NULL, "role" varchar, "created_at" datetime NOT NULL, "updated_at" datetime NOT NULL)[0m
  [1m[35m (0.1ms)[0m  [1m[31mrollback transaction[0m
  [1m[36mActiveRecord::SchemaMigration Load (0.3ms)[0m  [1m[34mSELECT "schema_migrations".* FROM "schema_migrations"[0m
  [1m[35m (0.3ms)[0m  [1m[34mSELECT "ar_internal_metadata"."value" FROM "ar_internal_metadata" WHERE "ar_internal_metadata"."key" = ?[0m  [["key", :environment]]
  [1m[36mActiveRecord::InternalMetadata Load (0.4ms)[0m  [1m[34mSELECT  "ar_internal_metadata".* FROM "ar_internal_metadata" WHERE "ar_internal_metadata"."key" = ? LIMIT ?[0m  [["key", :environment], ["LIMIT", 1]]
  [1m[35m (0.1ms)[0m  [1m[36mbegin transaction[0m
  [1m[35mSQL (1.7ms)[0m  [1m[32mINSERT INTO "ar_internal_metadata" ("key", "value", "created_at", "updated_at") VALUES (?, ?, ?, ?)[0m  [["key", "environment"], ["value", "development"], ["created_at", 2017-03-12 20:24:54 UTC], ["updated_at", 2017-03-12 20:24:54 UTC]]
  [1m[35m (11.9ms)[0m  [1m[36mcommit transaction[0m
  [1m[36mActiveRecord::SchemaMigration Load (0.3ms)[0m  [1m[34mSELECT "schema_migrations".* FROM "schema_migrations"[0m
  [1m[35m (0.2ms)[0m  [1m[34mSELECT "ar_internal_metadata"."value" FROM "ar_internal_metadata" WHERE "ar_internal_metadata"."key" = ?[0m  [["key", :environment]]
  [1m[36mActiveRecord::SchemaMigration Load (0.1ms)[0m  [1m[34mSELECT "schema_migrations".* FROM "schema_migrations"[0m
  [1m[35m (0.1ms)[0m  [1m[34mSELECT "ar_internal_metadata"."value" FROM "ar_internal_metadata" WHERE "ar_internal_metadata"."key" = ?[0m  [["key", :environment]]
  [1m[36mActiveRecord::SchemaMigration Load (0.1ms)[0m  [1m[34mSELECT "schema_migrations".* FROM "schema_migrations"[0m
  [1m[35m (0.1ms)[0m  [1m[34mSELECT "ar_internal_metadata"."value" FROM "ar_internal_metadata" WHERE "ar_internal_metadata"."key" = ?[0m  [["key", :environment]]
DEPRECATION WARNING: Passing #original_exception is deprecated and has no effect. Exceptions will automatically capture the original exception. (called from load at /usr/local/rvm/gems/ruby-2.3.0/bin/rake:23)
  [1m[35m (16.8ms)[0m  [1m[35mCREATE TABLE "schema_migrations" ("version" varchar NOT NULL PRIMARY KEY)[0m
  [1m[35m (15.2ms)[0m  [1m[35mCREATE TABLE "ar_internal_metadata" ("key" varchar NOT NULL PRIMARY KEY, "value" varchar, "created_at" datetime NOT NULL, "updated_at" datetime NOT NULL)[0m
  [1m[36mActiveRecord::SchemaMigration Load (0.4ms)[0m  [1m[34mSELECT "schema_migrations".* FROM "schema_migrations"[0m
Migrating to CreateRoles (20170312190005)
  [1m[35m (0.1ms)[0m  [1m[36mbegin transaction[0m
DEPRECATION WARNING: Directly inheriting from ActiveRecord::Migration is deprecated. Please specify the Rails release the migration was written for:

  class CreateRoles < ActiveRecord::Migration[4.2] (called from load at /usr/local/rvm/gems/ruby-2.3.0/bin/rake:23)
  [1m[35m (1.7ms)[0m  [1m[35mCREATE TABLE "roles" ("role_id" INTEGER PRIMARY KEY AUTOINCREMENT NOT NULL, "role" varchar, "created_at" datetime NOT NULL, "updated_at" datetime NOT NULL)[0m
  [1m[35mSQL (0.2ms)[0m  [1m[32mINSERT INTO "schema_migrations" ("version") VALUES (?)[0m  [["version", "20170312190005"]]
  [1m[35m (11.6ms)[0m  [1m[36mcommit transaction[0m
Migrating to CreateUsers (20170312190008)
  [1m[35m (0.2ms)[0m  [1m[36mbegin transaction[0m
DEPRECATION WARNING: Directly inheriting from ActiveRecord::Migration is deprecated. Please specify the Rails release the migration was written for:

  class CreateUsers < ActiveRecord::Migration[4.2] (called from load at /usr/local/rvm/gems/ruby-2.3.0/bin/rake:23)
  [1m[35m (0.5ms)[0m  [1m[35mCREATE TABLE "users" ("user_id" INTEGER PRIMARY KEY AUTOINCREMENT NOT NULL, "user_name" varchar, "password" varchar, "role_id" integer, "created_at" datetime NOT NULL, "updated_at" datetime NOT NULL)[0m
  [1m[35m (0.1ms)[0m  [1m[34mselect sqlite_version(*)[0m
  [1m[35m (0.2ms)[0m  [1m[35mCREATE  INDEX "index_users_on_role_id" ON "users" ("role_id")[0m
  [1m[35mSQL (0.1ms)[0m  [1m[32mINSERT INTO "schema_migrations" ("version") VALUES (?)[0m  [["version", "20170312190008"]]
  [1m[35m (20.9ms)[0m  [1m[36mcommit transaction[0m
Migrating to CreateUserFiles (20170312190010)
  [1m[35m (0.2ms)[0m  [1m[36mbegin transaction[0m
DEPRECATION WARNING: Directly inheriting from ActiveRecord::Migration is deprecated. Please specify the Rails release the migration was written for:

  class CreateUserFiles < ActiveRecord::Migration[4.2] (called from load at /usr/local/rvm/gems/ruby-2.3.0/bin/rake:23)
  [1m[35m (1.8ms)[0m  [1m[35mCREATE TABLE "user_files" ("id" INTEGER PRIMARY KEY AUTOINCREMENT NOT NULL, "resource_text" varchar, "user_id" integer, "resource_url" varchar, "attached_file" blob, "created_at" datetime, "updated_at" datetime)[0m
  [1m[35m (0.1ms)[0m  [1m[35mCREATE  INDEX "index_user_files_on_user_id" ON "user_files" ("user_id")[0m
  [1m[35mSQL (0.2ms)[0m  [1m[32mINSERT INTO "schema_migrations" ("version") VALUES (?)[0m  [["version", "20170312190010"]]
  [1m[35m (16.2ms)[0m  [1m[36mcommit transaction[0m
Migrating to CreateForums (20170312190011)
  [1m[35m (0.1ms)[0m  [1m[36mbegin transaction[0m
DEPRECATION WARNING: Directly inheriting from ActiveRecord::Migration is deprecated. Please specify the Rails release the migration was written for:

  class CreateForums < ActiveRecord::Migration[4.2] (called from load at /usr/local/rvm/gems/ruby-2.3.0/bin/rake:23)
  [1m[35m (1.8ms)[0m  [1m[35mCREATE TABLE "forums" ("forum_id" INTEGER PRIMARY KEY AUTOINCREMENT NOT NULL, "forum_name" varchar, "forum_description" varchar, "created_at" datetime, "updated_at" datetime)[0m
  [1m[35mSQL (0.2ms)[0m  [1m[32mINSERT INTO "schema_migrations" ("version") VALUES (?)[0m  [["version", "20170312190011"]]
  [1m[35m (20.5ms)[0m  [1m[36mcommit transaction[0m
Migrating to CreateAnswers (20170312190013)
  [1m[35m (0.2ms)[0m  [1m[36mbegin transaction[0m
DEPRECATION WARNING: Directly inheriting from ActiveRecord::Migration is deprecated. Please specify the Rails release the migration was written for:

  class CreateAnswers < ActiveRecord::Migration[4.2] (called from load at /usr/local/rvm/gems/ruby-2.3.0/bin/rake:23)
  [1m[35m (1.2ms)[0m  [1m[35mCREATE TABLE "answers" ("answer_id" INTEGER PRIMARY KEY AUTOINCREMENT NOT NULL, "answer" varchar, "active" boolean, "user_id" integer, "question_id" integer, "created_at" datetime, "updated_at" datetime)[0m
  [1m[35m (0.2ms)[0m  [1m[35mCREATE  INDEX "index_answers_on_user_id" ON "answers" ("user_id")[0m
  [1m[35m (0.2ms)[0m  [1m[34m            SELECT sql
            FROM sqlite_master
            WHERE name='index_answers_on_user_id' AND type='index'
            UNION ALL
            SELECT sql
            FROM sqlite_temp_master
            WHERE name='index_answers_on_user_id' AND type='index'
[0m
  [1m[35m (0.2ms)[0m  [1m[35mCREATE  INDEX "index_answers_on_question_id" ON "answers" ("question_id")[0m
  [1m[35mSQL (0.5ms)[0m  [1m[32mINSERT INTO "schema_migrations" ("version") VALUES (?)[0m  [["version", "20170312190013"]]
  [1m[35m (14.5ms)[0m  [1m[36mcommit transaction[0m
Migrating to CreateQuestions (20170312190014)
  [1m[35m (0.2ms)[0m  [1m[36mbegin transaction[0m
DEPRECATION WARNING: Directly inheriting from ActiveRecord::Migration is deprecated. Please specify the Rails release the migration was written for:

  class CreateQuestions < ActiveRecord::Migration[4.2] (called from load at /usr/local/rvm/gems/ruby-2.3.0/bin/rake:23)
  [1m[35m (1.9ms)[0m  [1m[35mCREATE TABLE "questions" ("question_id" INTEGER PRIMARY KEY AUTOINCREMENT NOT NULL, "question_title" varchar, "question_description" varchar, "active" boolean, "user_id" integer, "forum_id" integer, "created_at" datetime, "updated_at" datetime)[0m
  [1m[35m (0.2ms)[0m  [1m[35mCREATE  INDEX "index_questions_on_user_id" ON "questions" ("user_id")[0m
  [1m[35m (0.2ms)[0m  [1m[34m            SELECT sql
            FROM sqlite_master
            WHERE name='index_questions_on_user_id' AND type='index'
            UNION ALL
            SELECT sql
            FROM sqlite_temp_master
            WHERE name='index_questions_on_user_id' AND type='index'
[0m
  [1m[35m (0.1ms)[0m  [1m[35mCREATE  INDEX "index_questions_on_forum_id" ON "questions" ("forum_id")[0m
  [1m[35mSQL (0.2ms)[0m  [1m[32mINSERT INTO "schema_migrations" ("version") VALUES (?)[0m  [["version", "20170312190014"]]
  [1m[35m (17.4ms)[0m  [1m[36mcommit transaction[0m
  [1m[36mActiveRecord::InternalMetadata Load (0.4ms)[0m  [1m[34mSELECT  "ar_internal_metadata".* FROM "ar_internal_metadata" WHERE "ar_internal_metadata"."key" = ? LIMIT ?[0m  [["key", :environment], ["LIMIT", 1]]
  [1m[35m (0.1ms)[0m  [1m[36mbegin transaction[0m
  [1m[35mSQL (1.3ms)[0m  [1m[32mINSERT INTO "ar_internal_metadata" ("key", "value", "created_at", "updated_at") VALUES (?, ?, ?, ?)[0m  [["key", "environment"], ["value", "development"], ["created_at", 2017-03-12 20:25:07 UTC], ["updated_at", 2017-03-12 20:25:07 UTC]]
  [1m[35m (17.7ms)[0m  [1m[36mcommit transaction[0m
  [1m[36mActiveRecord::SchemaMigration Load (0.2ms)[0m  [1m[34mSELECT "schema_migrations".* FROM "schema_migrations"[0m
  [1m[35m (0.2ms)[0m  [1m[34m            SELECT sql
            FROM sqlite_master
            WHERE name='index_answers_on_question_id' AND type='index'
            UNION ALL
            SELECT sql
            FROM sqlite_temp_master
            WHERE name='index_answers_on_question_id' AND type='index'
[0m
  [1m[35m (0.2ms)[0m  [1m[34m            SELECT sql
            FROM sqlite_master
            WHERE name='index_answers_on_user_id' AND type='index'
            UNION ALL
            SELECT sql
            FROM sqlite_temp_master
            WHERE name='index_answers_on_user_id' AND type='index'
[0m
  [1m[35m (0.2ms)[0m  [1m[34m            SELECT sql
            FROM sqlite_master
            WHERE name='index_questions_on_forum_id' AND type='index'
            UNION ALL
            SELECT sql
            FROM sqlite_temp_master
            WHERE name='index_questions_on_forum_id' AND type='index'
[0m
  [1m[35m (0.2ms)[0m  [1m[34m            SELECT sql
            FROM sqlite_master
            WHERE name='index_questions_on_user_id' AND type='index'
            UNION ALL
            SELECT sql
            FROM sqlite_temp_master
            WHERE name='index_questions_on_user_id' AND type='index'
[0m
  [1m[35m (0.3ms)[0m  [1m[34m            SELECT sql
            FROM sqlite_master
            WHERE name='index_user_files_on_user_id' AND type='index'
            UNION ALL
            SELECT sql
            FROM sqlite_temp_master
            WHERE name='index_user_files_on_user_id' AND type='index'
[0m
  [1m[35m (0.3ms)[0m  [1m[34m            SELECT sql
            FROM sqlite_master
            WHERE name='index_users_on_role_id' AND type='index'
            UNION ALL
            SELECT sql
            FROM sqlite_temp_master
            WHERE name='index_users_on_role_id' AND type='index'
[0m
  [1m[36mActiveRecord::SchemaMigration Load (0.4ms)[0m  [1m[34mSELECT "schema_migrations".* FROM "schema_migrations"[0m
  [1m[36mRole Load (0.2ms)[0m  [1m[34mSELECT "roles".* FROM "roles"[0m
  [1m[35m (0.1ms)[0m  [1m[36mbegin transaction[0m
  [1m[35mSQL (0.5ms)[0m  [1m[32mINSERT INTO "roles" ("role", "created_at", "updated_at") VALUES (?, ?, ?)[0m  [["role", "Administrator"], ["created_at", 2017-03-12 20:25:17 UTC], ["updated_at", 2017-03-12 20:25:17 UTC]]
  [1m[35m (10.9ms)[0m  [1m[36mcommit transaction[0m
  [1m[35m (0.1ms)[0m  [1m[36mbegin transaction[0m
  [1m[35mSQL (0.3ms)[0m  [1m[32mINSERT INTO "roles" ("role", "created_at", "updated_at") VALUES (?, ?, ?)[0m  [["role", "Student"], ["created_at", 2017-03-12 20:25:17 UTC], ["updated_at", 2017-03-12 20:25:17 UTC]]
  [1m[35m (10.4ms)[0m  [1m[36mcommit transaction[0m
  [1m[35m (0.1ms)[0m  [1m[36mbegin transaction[0m
  [1m[35mSQL (0.3ms)[0m  [1m[32mINSERT INTO "roles" ("role", "created_at", "updated_at") VALUES (?, ?, ?)[0m  [["role", "Faculty"], ["created_at", 2017-03-12 20:25:17 UTC], ["updated_at", 2017-03-12 20:25:17 UTC]]
  [1m[35m (10.9ms)[0m  [1m[36mcommit transaction[0m
  [1m[35m (0.3ms)[0m  [1m[34mSELECT COUNT(*) FROM "roles"[0m
  [1m[35m (0.1ms)[0m  [1m[34mSELECT "roles"."role_id" FROM "roles"[0m
  [1m[36mUser Load (0.2ms)[0m  [1m[34mSELECT "users".* FROM "users"[0m
  [1m[35m (0.1ms)[0m  [1m[36mbegin transaction[0m
  [1m[36mRole Load (0.3ms)[0m  [1m[34mSELECT  "roles".* FROM "roles" WHERE "roles"."role_id" = ? LIMIT ?[0m  [["role_id", 2], ["LIMIT", 1]]
  [1m[35mSQL (0.4ms)[0m  [1m[32mINSERT INTO "users" ("user_name", "password", "role_id", "created_at", "updated_at") VALUES (?, ?, ?, ?, ?)[0m  [["user_name", "Joe Deer"], ["password", "password"], ["role_id", 2], ["created_at", 2017-03-12 20:25:17 UTC], ["updated_at", 2017-03-12 20:25:17 UTC]]
  [1m[35m (13.0ms)[0m  [1m[36mcommit transaction[0m
  [1m[35m (0.1ms)[0m  [1m[36mbegin transaction[0m
  [1m[36mRole Load (0.1ms)[0m  [1m[34mSELECT  "roles".* FROM "roles" WHERE "roles"."role_id" = ? LIMIT ?[0m  [["role_id", 2], ["LIMIT", 1]]
  [1m[35mSQL (0.5ms)[0m  [1m[32mINSERT INTO "users" ("user_name", "password", "role_id", "created_at", "updated_at") VALUES (?, ?, ?, ?, ?)[0m  [["user_name", "Jane Deer"], ["password", "password"], ["role_id", 2], ["created_at", 2017-03-12 20:25:17 UTC], ["updated_at", 2017-03-12 20:25:17 UTC]]
  [1m[35m (13.9ms)[0m  [1m[36mcommit transaction[0m
  [1m[35m (0.1ms)[0m  [1m[36mbegin transaction[0m
  [1m[36mRole Load (0.1ms)[0m  [1m[34mSELECT  "roles".* FROM "roles" WHERE "roles"."role_id" = ? LIMIT ?[0m  [["role_id", 2], ["LIMIT", 1]]
  [1m[35mSQL (0.7ms)[0m  [1m[32mINSERT INTO "users" ("user_name", "password", "role_id", "created_at", "updated_at") VALUES (?, ?, ?, ?, ?)[0m  [["user_name", "Scott Summers"], ["password", "password"], ["role_id", 2], ["created_at", 2017-03-12 20:25:17 UTC], ["updated_at", 2017-03-12 20:25:17 UTC]]
  [1m[35m (10.7ms)[0m  [1m[36mcommit transaction[0m
  [1m[35m (0.1ms)[0m  [1m[36mbegin transaction[0m
  [1m[36mRole Load (0.2ms)[0m  [1m[34mSELECT  "roles".* FROM "roles" WHERE "roles"."role_id" = ? LIMIT ?[0m  [["role_id", 2], ["LIMIT", 1]]
  [1m[35mSQL (0.6ms)[0m  [1m[32mINSERT INTO "users" ("user_name", "password", "role_id", "created_at", "updated_at") VALUES (?, ?, ?, ?, ?)[0m  [["user_name", "Hermoine Granger"], ["password", "password"], ["role_id", 2], ["created_at", 2017-03-12 20:25:17 UTC], ["updated_at", 2017-03-12 20:25:17 UTC]]
  [1m[35m (13.1ms)[0m  [1m[36mcommit transaction[0m
  [1m[35m (0.2ms)[0m  [1m[36mbegin transaction[0m
  [1m[36mRole Load (0.2ms)[0m  [1m[34mSELECT  "roles".* FROM "roles" WHERE "roles"."role_id" = ? LIMIT ?[0m  [["role_id", 3], ["LIMIT", 1]]
  [1m[35mSQL (0.5ms)[0m  [1m[32mINSERT INTO "users" ("user_name", "password", "role_id", "created_at", "updated_at") VALUES (?, ?, ?, ?, ?)[0m  [["user_name", "Robert Plant"], ["password", "password"], ["role_id", 3], ["created_at", 2017-03-12 20:25:17 UTC], ["updated_at", 2017-03-12 20:25:17 UTC]]
  [1m[35m (12.6ms)[0m  [1m[36mcommit transaction[0m
  [1m[35m (0.1ms)[0m  [1m[36mbegin transaction[0m
  [1m[36mRole Load (0.2ms)[0m  [1m[34mSELECT  "roles".* FROM "roles" WHERE "roles"."role_id" = ? LIMIT ?[0m  [["role_id", 3], ["LIMIT", 1]]
  [1m[35mSQL (0.5ms)[0m  [1m[32mINSERT INTO "users" ("user_name", "password", "role_id", "created_at", "updated_at") VALUES (?, ?, ?, ?, ?)[0m  [["user_name", "Major Shake"], ["password", "password"], ["role_id", 3], ["created_at", 2017-03-12 20:25:17 UTC], ["updated_at", 2017-03-12 20:25:17 UTC]]
  [1m[35m (11.0ms)[0m  [1m[36mcommit transaction[0m
  [1m[35m (0.1ms)[0m  [1m[36mbegin transaction[0m
  [1m[36mRole Load (0.3ms)[0m  [1m[34mSELECT  "roles".* FROM "roles" WHERE "roles"."role_id" = ? LIMIT ?[0m  [["role_id", 3], ["LIMIT", 1]]
  [1m[35mSQL (0.4ms)[0m  [1m[32mINSERT INTO "users" ("user_name", "password", "role_id", "created_at", "updated_at") VALUES (?, ?, ?, ?, ?)[0m  [["user_name", "Eli Driver"], ["password", "password"], ["role_id", 3], ["created_at", 2017-03-12 20:25:17 UTC], ["updated_at", 2017-03-12 20:25:17 UTC]]
  [1m[35m (13.1ms)[0m  [1m[36mcommit transaction[0m
  [1m[35m (0.1ms)[0m  [1m[36mbegin transaction[0m
  [1m[36mRole Load (0.2ms)[0m  [1m[34mSELECT  "roles".* FROM "roles" WHERE "roles"."role_id" = ? LIMIT ?[0m  [["role_id", 3], ["LIMIT", 1]]
  [1m[35mSQL (0.4ms)[0m  [1m[32mINSERT INTO "users" ("user_name", "password", "role_id", "created_at", "updated_at") VALUES (?, ?, ?, ?, ?)[0m  [["user_name", "Beatrix Kiddo"], ["password", "password"], ["role_id", 3], ["created_at", 2017-03-12 20:25:17 UTC], ["updated_at", 2017-03-12 20:25:17 UTC]]
  [1m[35m (12.7ms)[0m  [1m[36mcommit transaction[0m
  [1m[35m (0.3ms)[0m  [1m[34mSELECT COUNT(*) FROM "users"[0m
  [1m[35m (0.2ms)[0m  [1m[34mSELECT "users"."user_id" FROM "users"[0m
  [1m[36mForum Load (0.3ms)[0m  [1m[34mSELECT "forums".* FROM "forums"[0m
  [1m[35m (0.1ms)[0m  [1m[36mbegin transaction[0m
  [1m[35mSQL (0.8ms)[0m  [1m[32mINSERT INTO "forums" ("forum_name", "forum_description", "created_at", "updated_at") VALUES (?, ?, ?, ?)[0m  [["forum_name", "ART"], ["forum_description", "art is fine."], ["created_at", 2017-03-12 20:25:17 UTC], ["updated_at", 2017-03-12 20:25:17 UTC]]
  [1m[35m (12.6ms)[0m  [1m[36mcommit transaction[0m
  [1m[35m (0.2ms)[0m  [1m[36mbegin transaction[0m
  [1m[35mSQL (0.7ms)[0m  [1m[32mINSERT INTO "forums" ("forum_name", "forum_description", "created_at", "updated_at") VALUES (?, ?, ?, ?)[0m  [["forum_name", "BIO"], ["forum_description", "bio is fine."], ["created_at", 2017-03-12 20:25:17 UTC], ["updated_at", 2017-03-12 20:25:17 UTC]]
  [1m[35m (11.5ms)[0m  [1m[36mcommit transaction[0m
  [1m[35m (0.2ms)[0m  [1m[36mbegin transaction[0m
  [1m[35mSQL (0.8ms)[0m  [1m[32mINSERT INTO "forums" ("forum_name", "forum_description", "created_at", "updated_at") VALUES (?, ?, ?, ?)[0m  [["forum_name", "CHE"], ["forum_description", "che is fine."], ["created_at", 2017-03-12 20:25:17 UTC], ["updated_at", 2017-03-12 20:25:17 UTC]]
  [1m[35m (13.5ms)[0m  [1m[36mcommit transaction[0m
  [1m[35m (0.1ms)[0m  [1m[36mbegin transaction[0m
  [1m[35mSQL (0.8ms)[0m  [1m[32mINSERT INTO "forums" ("forum_name", "forum_description", "created_at", "updated_at") VALUES (?, ?, ?, ?)[0m  [["forum_name", "CSC"], ["forum_description", "csc is fine."], ["created_at", 2017-03-12 20:25:17 UTC], ["updated_at", 2017-03-12 20:25:17 UTC]]
  [1m[35m (12.3ms)[0m  [1m[36mcommit transaction[0m
  [1m[35m (0.3ms)[0m  [1m[34mSELECT COUNT(*) FROM "forums"[0m
  [1m[35m (0.2ms)[0m  [1m[34mSELECT "forums"."forum_id" FROM "forums"[0m
  [1m[36mQuestion Load (0.2ms)[0m  [1m[34mSELECT "questions".* FROM "questions"[0m
  [1m[35m (0.1ms)[0m  [1m[36mbegin transaction[0m
  [1m[36mUser Load (0.2ms)[0m  [1m[34mSELECT  "users".* FROM "users" WHERE "users"."user_id" = ? LIMIT ?[0m  [["user_id", 7], ["LIMIT", 1]]
  [1m[36mForum Load (0.1ms)[0m  [1m[34mSELECT  "forums".* FROM "forums" WHERE "forums"."forum_id" = ? LIMIT ?[0m  [["forum_id", 1], ["LIMIT", 1]]
  [1m[35mSQL (0.4ms)[0m  [1m[32mINSERT INTO "questions" ("question_title", "question_description", "active", "user_id", "forum_id", "created_at", "updated_at") VALUES (?, ?, ?, ?, ?, ?, ?)[0m  [["question_title", "How many cups of sugar does it take to get to the moon?"], ["question_description", "First: Space. Second: Sugar. Third: Moon."], ["active", true], ["user_id", 7], ["forum_id", 1], ["created_at", 2017-03-12 20:25:17 UTC], ["updated_at", 2017-03-12 20:25:17 UTC]]
  [1m[35m (10.8ms)[0m  [1m[36mcommit transaction[0m
  [1m[35m (0.1ms)[0m  [1m[36mbegin transaction[0m
  [1m[36mUser Load (0.2ms)[0m  [1m[34mSELECT  "users".* FROM "users" WHERE "users"."user_id" = ? LIMIT ?[0m  [["user_id", 4], ["LIMIT", 1]]
  [1m[36mForum Load (0.1ms)[0m  [1m[34mSELECT  "forums".* FROM "forums" WHERE "forums"."forum_id" = ? LIMIT ?[0m  [["forum_id", 3], ["LIMIT", 1]]
  [1m[35mSQL (0.4ms)[0m  [1m[32mINSERT INTO "questions" ("question_title", "question_description", "active", "user_id", "forum_id", "created_at", "updated_at") VALUES (?, ?, ?, ?, ?, ?, ?)[0m  [["question_title", "How do I recognize a coral snake?"], ["question_description", "Lorem ipsum dolor sit amet, consectetur adipiscing elit. Quisque nulla nibh, pulvinar euismod molestie id, maximus non felis. Pellentesque faucibus egestas magna, non molestie mauris. Aliquam maximus lectus tortor, sit amet gravida nibh rhoncus nec. Aenean imperdiet non orci sed condimentum. Suspendisse ligula nulla, dapibus fringilla ipsum eget, tempus imperdiet libero. Vestibulum non lectus at lorem fermentum lacinia vestibulum et nisl. Praesent cursus orci lorem, vestibulum hendrerit metus posuere id. Integer congue tellus euismod, maximus nisl eget, porta velit. Etiam nec bibendum lectus. Praesent elementum sapien id velit iaculis scelerisque ut a dui."], ["active", true], ["user_id", 4], ["forum_id", 3], ["created_at", 2017-03-12 20:25:17 UTC], ["updated_at", 2017-03-12 20:25:17 UTC]]
  [1m[35m (12.0ms)[0m  [1m[36mcommit transaction[0m
  [1m[35m (0.1ms)[0m  [1m[36mbegin transaction[0m
  [1m[36mUser Load (0.1ms)[0m  [1m[34mSELECT  "users".* FROM "users" WHERE "users"."user_id" = ? LIMIT ?[0m  [["user_id", 1], ["LIMIT", 1]]
  [1m[36mForum Load (0.1ms)[0m  [1m[34mSELECT  "forums".* FROM "forums" WHERE "forums"."forum_id" = ? LIMIT ?[0m  [["forum_id", 1], ["LIMIT", 1]]
  [1m[35mSQL (0.5ms)[0m  [1m[32mINSERT INTO "questions" ("question_title", "question_description", "active", "user_id", "forum_id", "created_at", "updated_at") VALUES (?, ?, ?, ?, ?, ?, ?)[0m  [["question_title", "What is the difference between C and C++?"], ["question_description", "Lorem ipsum dolor sit amet, consectetur adipiscing elit. Quisque nulla nibh, pulvinar euismod molestie id, maximus non felis. Pellentesque faucibus egestas magna, non molestie mauris. Aliquam maximus lectus tortor, sit amet gravida nibh rhoncus nec. Aenean imperdiet non orci sed condimentum. Suspendisse ligula nulla, dapibus fringilla ipsum eget, tempus imperdiet libero. Vestibulum non lectus at lorem fermentum lacinia vestibulum et nisl. Praesent cursus orci lorem, vestibulum hendrerit metus posuere id. Integer congue tellus euismod, maximus nisl eget, porta velit. Etiam nec bibendum lectus. Praesent elementum sapien id velit iaculis scelerisque ut a dui."], ["active", true], ["user_id", 1], ["forum_id", 1], ["created_at", 2017-03-12 20:25:17 UTC], ["updated_at", 2017-03-12 20:25:17 UTC]]
  [1m[35m (11.1ms)[0m  [1m[36mcommit transaction[0m
  [1m[35m (0.1ms)[0m  [1m[36mbegin transaction[0m
  [1m[36mUser Load (0.2ms)[0m  [1m[34mSELECT  "users".* FROM "users" WHERE "users"."user_id" = ? LIMIT ?[0m  [["user_id", 2], ["LIMIT", 1]]
  [1m[36mForum Load (0.1ms)[0m  [1m[34mSELECT  "forums".* FROM "forums" WHERE "forums"."forum_id" = ? LIMIT ?[0m  [["forum_id", 2], ["LIMIT", 1]]
  [1m[35mSQL (0.5ms)[0m  [1m[32mINSERT INTO "questions" ("question_title", "question_description", "active", "user_id", "forum_id", "created_at", "updated_at") VALUES (?, ?, ?, ?, ?, ?, ?)[0m  [["question_title", "Corem ipsum dolor sit amet."], ["question_description", "Lorem ipsum dolor sit amet, consectetur adipiscing elit. Quisque nulla nibh, pulvinar euismod molestie id, maximus non felis. Pellentesque faucibus egestas magna, non molestie mauris. Aliquam maximus lectus tortor, sit amet gravida nibh rhoncus nec. Aenean imperdiet non orci sed condimentum. Suspendisse ligula nulla, dapibus fringilla ipsum eget, tempus imperdiet libero. Vestibulum non lectus at lorem fermentum lacinia vestibulum et nisl. Praesent cursus orci lorem, vestibulum hendrerit metus posuere id. Integer congue tellus euismod, maximus nisl eget, porta velit. Etiam nec bibendum lectus. Praesent elementum sapien id velit iaculis scelerisque ut a dui."], ["active", true], ["user_id", 2], ["forum_id", 2], ["created_at", 2017-03-12 20:25:17 UTC], ["updated_at", 2017-03-12 20:25:17 UTC]]
  [1m[35m (14.8ms)[0m  [1m[36mcommit transaction[0m
  [1m[35m (0.2ms)[0m  [1m[36mbegin transaction[0m
  [1m[36mUser Load (0.2ms)[0m  [1m[34mSELECT  "users".* FROM "users" WHERE "users"."user_id" = ? LIMIT ?[0m  [["user_id", 3], ["LIMIT", 1]]
  [1m[36mForum Load (0.1ms)[0m  [1m[34mSELECT  "forums".* FROM "forums" WHERE "forums"."forum_id" = ? LIMIT ?[0m  [["forum_id", 1], ["LIMIT", 1]]
  [1m[35mSQL (0.5ms)[0m  [1m[32mINSERT INTO "questions" ("question_title", "question_description", "active", "user_id", "forum_id", "created_at", "updated_at") VALUES (?, ?, ?, ?, ?, ?, ?)[0m  [["question_title", "Who is stealing my water?"], ["question_description", "Lorem ipsum dolor sit amet, consectetur adipiscing elit. Quisque nulla nibh, pulvinar euismod molestie id, maximus non felis. Pellentesque faucibus egestas magna, non molestie mauris. Aliquam maximus lectus tortor, sit amet gravida nibh rhoncus nec. Aenean imperdiet non orci sed condimentum. Suspendisse ligula nulla, dapibus fringilla ipsum eget, tempus imperdiet libero. Vestibulum non lectus at lorem fermentum lacinia vestibulum et nisl. Praesent cursus orci lorem, vestibulum hendrerit metus posuere id. Integer congue tellus euismod, maximus nisl eget, porta velit. Etiam nec bibendum lectus. Praesent elementum sapien id velit iaculis scelerisque ut a dui."], ["active", true], ["user_id", 3], ["forum_id", 1], ["created_at", 2017-03-12 20:25:17 UTC], ["updated_at", 2017-03-12 20:25:17 UTC]]
  [1m[35m (15.5ms)[0m  [1m[36mcommit transaction[0m
  [1m[35m (0.1ms)[0m  [1m[36mbegin transaction[0m
  [1m[36mUser Load (0.2ms)[0m  [1m[34mSELECT  "users".* FROM "users" WHERE "users"."user_id" = ? LIMIT ?[0m  [["user_id", 4], ["LIMIT", 1]]
  [1m[36mForum Load (0.1ms)[0m  [1m[34mSELECT  "forums".* FROM "forums" WHERE "forums"."forum_id" = ? LIMIT ?[0m  [["forum_id", 2], ["LIMIT", 1]]
  [1m[35mSQL (0.4ms)[0m  [1m[32mINSERT INTO "questions" ("question_title", "question_description", "active", "user_id", "forum_id", "created_at", "updated_at") VALUES (?, ?, ?, ?, ?, ?, ?)[0m  [["question_title", "This is a really really long question title to test how overflow works when question stitles get really long. That wasn't long enough. I mean seriosuly long. What does it look like?"], ["question_description", "Lorem ipsum dolor sit amet, consectetur adipiscing elit. Quisque nulla nibh, pulvinar euismod molestie id, maximus non felis. Pellentesque faucibus egestas magna, non molestie mauris. Aliquam maximus lectus tortor, sit amet gravida nibh rhoncus nec. Aenean imperdiet non orci sed condimentum. Suspendisse ligula nulla, dapibus fringilla ipsum eget, tempus imperdiet libero. Vestibulum non lectus at lorem fermentum lacinia vestibulum et nisl. Praesent cursus orci lorem, vestibulum hendrerit metus posuere id. Integer congue tellus euismod, maximus nisl eget, porta velit. Etiam nec bibendum lectus. Praesent elementum sapien id velit iaculis scelerisque ut a dui."], ["active", true], ["user_id", 4], ["forum_id", 2], ["created_at", 2017-03-12 20:25:17 UTC], ["updated_at", 2017-03-12 20:25:17 UTC]]
  [1m[35m (12.0ms)[0m  [1m[36mcommit transaction[0m
  [1m[35m (0.2ms)[0m  [1m[34mSELECT COUNT(*) FROM "questions"[0m
  [1m[35m (0.2ms)[0m  [1m[34mSELECT "questions"."question_id" FROM "questions"[0m
  [1m[36mAnswer Load (0.3ms)[0m  [1m[34mSELECT "answers".* FROM "answers"[0m
  [1m[35m (0.1ms)[0m  [1m[36mbegin transaction[0m
  [1m[36mUser Load (0.1ms)[0m  [1m[34mSELECT  "users".* FROM "users" WHERE "users"."user_id" = ? LIMIT ?[0m  [["user_id", 3], ["LIMIT", 1]]
  [1m[36mQuestion Load (0.2ms)[0m  [1m[34mSELECT  "questions".* FROM "questions" WHERE "questions"."question_id" = ? LIMIT ?[0m  [["question_id", 1], ["LIMIT", 1]]
  [1m[35mSQL (0.4ms)[0m  [1m[32mINSERT INTO "answers" ("answer", "active", "user_id", "question_id", "created_at", "updated_at") VALUES (?, ?, ?, ?, ?, ?)[0m  [["answer", "Corem ipsum dolor sit amet."], ["active", true], ["user_id", 3], ["question_id", 1], ["created_at", 2017-03-12 20:25:17 UTC], ["updated_at", 2017-03-12 20:25:17 UTC]]
  [1m[35m (10.8ms)[0m  [1m[36mcommit transaction[0m
  [1m[35m (0.1ms)[0m  [1m[36mbegin transaction[0m
  [1m[36mUser Load (0.2ms)[0m  [1m[34mSELECT  "users".* FROM "users" WHERE "users"."user_id" = ? LIMIT ?[0m  [["user_id", 6], ["LIMIT", 1]]
  [1m[36mQuestion Load (0.1ms)[0m  [1m[34mSELECT  "questions".* FROM "questions" WHERE "questions"."question_id" = ? LIMIT ?[0m  [["question_id", 1], ["LIMIT", 1]]
  [1m[35mSQL (0.4ms)[0m  [1m[32mINSERT INTO "answers" ("answer", "active", "user_id", "question_id", "created_at", "updated_at") VALUES (?, ?, ?, ?, ?, ?)[0m  [["answer", "Corem ipsum dolor sit amet."], ["active", true], ["user_id", 6], ["question_id", 1], ["created_at", 2017-03-12 20:25:17 UTC], ["updated_at", 2017-03-12 20:25:17 UTC]]
  [1m[35m (11.9ms)[0m  [1m[36mcommit transaction[0m
  [1m[35m (0.1ms)[0m  [1m[36mbegin transaction[0m
  [1m[36mUser Load (0.1ms)[0m  [1m[34mSELECT  "users".* FROM "users" WHERE "users"."user_id" = ? LIMIT ?[0m  [["user_id", 7], ["LIMIT", 1]]
  [1m[36mQuestion Load (0.1ms)[0m  [1m[34mSELECT  "questions".* FROM "questions" WHERE "questions"."question_id" = ? LIMIT ?[0m  [["question_id", 2], ["LIMIT", 1]]
  [1m[35mSQL (0.4ms)[0m  [1m[32mINSERT INTO "answers" ("answer", "active", "user_id", "question_id", "created_at", "updated_at") VALUES (?, ?, ?, ?, ?, ?)[0m  [["answer", "Corem ipsum dolor sit amet."], ["active", true], ["user_id", 7], ["question_id", 2], ["created_at", 2017-03-12 20:25:17 UTC], ["updated_at", 2017-03-12 20:25:17 UTC]]
  [1m[35m (11.7ms)[0m  [1m[36mcommit transaction[0m
  [1m[35m (0.1ms)[0m  [1m[36mbegin transaction[0m
  [1m[36mUser Load (0.2ms)[0m  [1m[34mSELECT  "users".* FROM "users" WHERE "users"."user_id" = ? LIMIT ?[0m  [["user_id", 3], ["LIMIT", 1]]
  [1m[36mQuestion Load (0.1ms)[0m  [1m[34mSELECT  "questions".* FROM "questions" WHERE "questions"."question_id" = ? LIMIT ?[0m  [["question_id", 3], ["LIMIT", 1]]
  [1m[35mSQL (0.4ms)[0m  [1m[32mINSERT INTO "answers" ("answer", "active", "user_id", "question_id", "created_at", "updated_at") VALUES (?, ?, ?, ?, ?, ?)[0m  [["answer", "Corem ipsum dolor sit amet."], ["active", true], ["user_id", 3], ["question_id", 3], ["created_at", 2017-03-12 20:25:17 UTC], ["updated_at", 2017-03-12 20:25:17 UTC]]
  [1m[35m (11.2ms)[0m  [1m[36mcommit transaction[0m
  [1m[35m (0.1ms)[0m  [1m[36mbegin transaction[0m
  [1m[36mUser Load (0.2ms)[0m  [1m[34mSELECT  "users".* FROM "users" WHERE "users"."user_id" = ? LIMIT ?[0m  [["user_id", 5], ["LIMIT", 1]]
  [1m[36mQuestion Load (0.1ms)[0m  [1m[34mSELECT  "questions".* FROM "questions" WHERE "questions"."question_id" = ? LIMIT ?[0m  [["question_id", 4], ["LIMIT", 1]]
  [1m[35mSQL (0.4ms)[0m  [1m[32mINSERT INTO "answers" ("answer", "active", "user_id", "question_id", "created_at", "updated_at") VALUES (?, ?, ?, ?, ?, ?)[0m  [["answer", "Corem ipsum dolor sit amet."], ["active", true], ["user_id", 5], ["question_id", 4], ["created_at", 2017-03-12 20:25:17 UTC], ["updated_at", 2017-03-12 20:25:17 UTC]]
  [1m[35m (11.9ms)[0m  [1m[36mcommit transaction[0m
  [1m[35m (0.1ms)[0m  [1m[36mbegin transaction[0m
  [1m[36mUser Load (0.1ms)[0m  [1m[34mSELECT  "users".* FROM "users" WHERE "users"."user_id" = ? LIMIT ?[0m  [["user_id", 2], ["LIMIT", 1]]
  [1m[36mQuestion Load (0.1ms)[0m  [1m[34mSELECT  "questions".* FROM "questions" WHERE "questions"."question_id" = ? LIMIT ?[0m  [["question_id", 5], ["LIMIT", 1]]
  [1m[35mSQL (0.3ms)[0m  [1m[32mINSERT INTO "answers" ("answer", "active", "user_id", "question_id", "created_at", "updated_at") VALUES (?, ?, ?, ?, ?, ?)[0m  [["answer", "Corem ipsum dolor sit amet."], ["active", true], ["user_id", 2], ["question_id", 5], ["created_at", 2017-03-12 20:25:17 UTC], ["updated_at", 2017-03-12 20:25:17 UTC]]
  [1m[35m (10.7ms)[0m  [1m[36mcommit transaction[0m
  [1m[35m (0.2ms)[0m  [1m[34mSELECT COUNT(*) FROM "answers"[0m
  [1m[35m (0.2ms)[0m  [1m[34mSELECT "answers"."answer_id" FROM "answers"[0m
